<?xml version="1.0" encoding="UTF-8"?>
<!-- Generated by org.testng.reporters.JUnitXMLReporter -->
<testsuite ignored="0" hostname="Maddy" failures="0" tests="1" name="Chrome_Test" time="20.746" errors="0" timestamp="2025-12-13T16:40:42 IST">
  <testcase classname="com.qa.base.testBase" name="@BeforeMethod intailisation" time="3.62">
    <failure type="java.lang.RuntimeException" message="Invalid browser name">
      <![CDATA[java.lang.RuntimeException: Invalid browser name
at com.qa.base.testBase.intailisation(testBase.java:73)
at java.base/java.util.ArrayList.forEach(ArrayList.java:1596)
at java.base/java.util.concurrent.FutureTask.run(FutureTask.java:317)
at java.base/java.util.concurrent.ThreadPoolExecutor.runWorker(ThreadPoolExecutor.java:1144)
at java.base/java.util.concurrent.ThreadPoolExecutor$Worker.run(ThreadPoolExecutor.java:642)
at java.base/java.lang.Thread.run(Thread.java:1583)
... Removed 19 stack frames]]>
    </failure>
  </testcase> <!-- @BeforeMethod intailisation -->
  <testcase classname="com.qa.base.testBase" name="dummyTest" time="15.321"/>
</testsuite> <!-- Chrome_Test -->
