<?xml version="1.0" encoding="UTF-8"?>
<testng-results ignored="0" total="2" passed="1" failed="1" skipped="0">
  <reporter-output>
  </reporter-output>
  <suite started-at="2025-12-15T20:27:51 IST" name="DockerGridSuite" finished-at="2025-12-15T20:29:23 IST" duration-ms="91764">
    <groups>
    </groups>
    <test started-at="2025-12-15T20:27:51 IST" name="ChromeTests" finished-at="2025-12-15T20:29:05 IST" duration-ms="74452">
      <class name="com.qa.TestCart.Login_Test">
        <test-method is-config="true" signature="initialization(java.lang.String)[pri:0, instance:com.qa.TestCart.Login_Test@1f010bf0]" started-at="2025-12-15T20:27:51 IST" name="initialization" finished-at="2025-12-15T20:28:18 IST" duration-ms="27055" status="PASS">
          <params>
            <param index="0">
              <value>
                <![CDATA[chrome]]>
              </value>
            </param>
          </params>
          <reporter-output>
          </reporter-output>
        </test-method> <!-- initialization -->
        <test-method signature="loginTest()[pri:0, instance:com.qa.TestCart.Login_Test@1f010bf0]" started-at="2025-12-15T20:28:18 IST" name="loginTest" finished-at="2025-12-15T20:29:05 IST" duration-ms="46638" status="PASS">
          <reporter-output>
          </reporter-output>
        </test-method> <!-- loginTest -->
        <test-method is-config="true" signature="tearDown()[pri:0, instance:com.qa.TestCart.Login_Test@1f010bf0]" started-at="2025-12-15T20:29:05 IST" name="tearDown" finished-at="2025-12-15T20:29:05 IST" duration-ms="659" status="PASS">
          <reporter-output>
          </reporter-output>
        </test-method> <!-- tearDown -->
      </class> <!-- com.qa.TestCart.Login_Test -->
    </test> <!-- ChromeTests -->
    <test started-at="2025-12-15T20:27:51 IST" name="EdgeTests" finished-at="2025-12-15T20:29:23 IST" duration-ms="91764">
      <class name="com.qa.TestCart.Login_Test">
        <test-method is-config="true" signature="initialization(java.lang.String)[pri:0, instance:com.qa.TestCart.Login_Test@4748a0f9]" started-at="2025-12-15T20:27:51 IST" name="initialization" finished-at="2025-12-15T20:28:22 IST" duration-ms="31207" status="PASS">
          <params>
            <param index="0">
              <value>
                <![CDATA[edge]]>
              </value>
            </param>
          </params>
          <reporter-output>
          </reporter-output>
        </test-method> <!-- initialization -->
        <test-method signature="loginTest()[pri:0, instance:com.qa.TestCart.Login_Test@4748a0f9]" started-at="2025-12-15T20:28:22 IST" name="loginTest" finished-at="2025-12-15T20:29:22 IST" duration-ms="60151" status="FAIL">
          <exception class="org.openqa.selenium.TimeoutException">
            <message>
              <![CDATA[timeout: Timed out receiving message from renderer: 57.778
  (Session info: MicrosoftEdge=143.0.3650.80)
Build info: version: '4.39.0', revision: '126f156aee'
System info: os.name: 'Windows 11', os.arch: 'amd64', os.version: '10.0', java.version: '24.0.2'
Driver info: org.openqa.selenium.remote.RemoteWebDriver
Command: [64d980f5105da32a920c193446b30f48, get {url=https://opensource-demo.orangehrmlive.com/}]
Capabilities {acceptInsecureCerts: false, browserName: MicrosoftEdge, browserVersion: 143.0.3650.80, fedcm:accounts: true, goog:processID: 219, ms:edgeOptions: {debuggerAddress: localhost:44565}, msedge: {msedgedriverVersion: 143.0.3650.66 (507b0dd34c3d..., userDataDir: /tmp/.com.microsoft.Edge.sc...}, networkConnectionEnabled: false, pageLoadStrategy: normal, platformName: linux, proxy: Proxy(), se:bidiEnabled: false, se:cdp: ws://172.18.0.6:4444/sessio..., se:cdpVersion: 143.0.3650.80, se:containerName: 852560bd60fd, se:deleteSessionOnUi: true, se:downloadsEnabled: true, se:noVncPort: 7900, se:recordVideo: true, se:vnc: ws://172.18.0.6:4444/sessio..., se:vncEnabled: true, se:vncLocalAddress: ws://172.18.0.6:7900, setWindowRect: true, strictFileInteractability: false, timeouts: {implicit: 0, pageLoad: 300000, script: 30000}, unhandledPromptBehavior: dismiss and notify, webauthn:extension:credBlob: true, webauthn:extension:largeBlob: true, webauthn:extension:minPinLength: true, webauthn:extension:prf: true, webauthn:virtualAuthenticators: true}
Session ID: 64d980f5105da32a920c193446b30f48]]>
            </message>
            <full-stacktrace>
              <![CDATA[org.openqa.selenium.TimeoutException: timeout: Timed out receiving message from renderer: 57.778
  (Session info: MicrosoftEdge=143.0.3650.80)
Build info: version: '4.39.0', revision: '126f156aee'
System info: os.name: 'Windows 11', os.arch: 'amd64', os.version: '10.0', java.version: '24.0.2'
Driver info: org.openqa.selenium.remote.RemoteWebDriver
Command: [64d980f5105da32a920c193446b30f48, get {url=https://opensource-demo.orangehrmlive.com/}]
Capabilities {acceptInsecureCerts: false, browserName: MicrosoftEdge, browserVersion: 143.0.3650.80, fedcm:accounts: true, goog:processID: 219, ms:edgeOptions: {debuggerAddress: localhost:44565}, msedge: {msedgedriverVersion: 143.0.3650.66 (507b0dd34c3d..., userDataDir: /tmp/.com.microsoft.Edge.sc...}, networkConnectionEnabled: false, pageLoadStrategy: normal, platformName: linux, proxy: Proxy(), se:bidiEnabled: false, se:cdp: ws://172.18.0.6:4444/sessio..., se:cdpVersion: 143.0.3650.80, se:containerName: 852560bd60fd, se:deleteSessionOnUi: true, se:downloadsEnabled: true, se:noVncPort: 7900, se:recordVideo: true, se:vnc: ws://172.18.0.6:4444/sessio..., se:vncEnabled: true, se:vncLocalAddress: ws://172.18.0.6:7900, setWindowRect: true, strictFileInteractability: false, timeouts: {implicit: 0, pageLoad: 300000, script: 30000}, unhandledPromptBehavior: dismiss and notify, webauthn:extension:credBlob: true, webauthn:extension:largeBlob: true, webauthn:extension:minPinLength: true, webauthn:extension:prf: true, webauthn:virtualAuthenticators: true}
Session ID: 64d980f5105da32a920c193446b30f48
at java.base/jdk.internal.reflect.DirectConstructorHandleAccessor.newInstance(DirectConstructorHandleAccessor.java:62)
at java.base/java.lang.reflect.Constructor.newInstanceWithCaller(Constructor.java:499)
at java.base/java.lang.reflect.Constructor.newInstance(Constructor.java:483)
at org.openqa.selenium.remote.ErrorCodec.decode(ErrorCodec.java:167)
at org.openqa.selenium.remote.codec.w3c.W3CHttpResponseCodec.decode(W3CHttpResponseCodec.java:142)
at org.openqa.selenium.remote.codec.w3c.W3CHttpResponseCodec.decode(W3CHttpResponseCodec.java:49)
at org.openqa.selenium.remote.HttpCommandExecutor.execute(HttpCommandExecutor.java:215)
at org.openqa.selenium.remote.TracedCommandExecutor.execute(TracedCommandExecutor.java:53)
at org.openqa.selenium.remote.RemoteWebDriver.execute(RemoteWebDriver.java:561)
at org.openqa.selenium.remote.RemoteWebDriver.get(RemoteWebDriver.java:329)
at com.qa.TestCart.Login_Test.loginTest(Login_Test.java:10)
at java.base/jdk.internal.reflect.DirectMethodHandleAccessor.invoke(DirectMethodHandleAccessor.java:104)
at java.base/java.lang.reflect.Method.invoke(Method.java:565)
at org.testng.internal.invokers.MethodInvocationHelper.invokeMethod(MethodInvocationHelper.java:141)
at org.testng.internal.invokers.TestInvoker.invokeMethod(TestInvoker.java:687)
at org.testng.internal.invokers.TestInvoker.invokeTestMethod(TestInvoker.java:230)
at org.testng.internal.invokers.MethodRunner.runInSequence(MethodRunner.java:63)
at org.testng.internal.invokers.TestInvoker$MethodInvocationAgent.invoke(TestInvoker.java:995)
at org.testng.internal.invokers.TestInvoker.invokeTestMethods(TestInvoker.java:203)
at org.testng.internal.invokers.TestMethodWorker.invokeTestMethods(TestMethodWorker.java:154)
at org.testng.internal.invokers.TestMethodWorker.run(TestMethodWorker.java:134)
at java.base/java.util.ArrayList.forEach(ArrayList.java:1604)
at org.testng.TestRunner.privateRun(TestRunner.java:741)
at org.testng.TestRunner.run(TestRunner.java:616)
at org.testng.SuiteRunner.runTest(SuiteRunner.java:421)
at org.testng.SuiteRunner$SuiteWorker.run(SuiteRunner.java:463)
at org.testng.internal.thread.ThreadUtil.lambda$execute$0(ThreadUtil.java:64)
at java.base/java.util.concurrent.FutureTask.run(FutureTask.java:328)
at java.base/java.util.concurrent.ThreadPoolExecutor.runWorker(ThreadPoolExecutor.java:1095)
at java.base/java.util.concurrent.ThreadPoolExecutor$Worker.run(ThreadPoolExecutor.java:619)
at java.base/java.lang.Thread.run(Thread.java:1447)
]]>
            </full-stacktrace>
          </exception> <!-- org.openqa.selenium.TimeoutException -->
          <reporter-output>
          </reporter-output>
        </test-method> <!-- loginTest -->
        <test-method is-config="true" signature="tearDown()[pri:0, instance:com.qa.TestCart.Login_Test@4748a0f9]" started-at="2025-12-15T20:29:22 IST" name="tearDown" finished-at="2025-12-15T20:29:23 IST" duration-ms="301" status="PASS">
          <reporter-output>
          </reporter-output>
        </test-method> <!-- tearDown -->
      </class> <!-- com.qa.TestCart.Login_Test -->
    </test> <!-- EdgeTests -->
  </suite> <!-- DockerGridSuite -->
</testng-results>
