<?xml version="1.0" encoding="UTF-8"?>
<testng-results ignored="0" total="2" passed="2" failed="0" skipped="0">
  <reporter-output>
  </reporter-output>
  <suite started-at="2026-03-13T18:45:25 IST" name="MasterSuite" finished-at="2026-03-13T18:45:35 IST" duration-ms="10307">
    <groups>
    </groups>
    <test started-at="2026-03-13T18:45:25 IST" name="ChromeTests" finished-at="2026-03-13T18:45:30 IST" duration-ms="4917">
      <class name="com.qa.TestCase.TC_001_HomePageTest">
        <test-method is-config="true" signature="initialization(java.lang.String)[pri:0, instance:com.qa.TestCase.TC_001_HomePageTest@4c402120]" started-at="2026-03-13T18:45:25 IST" name="initialization" finished-at="2026-03-13T18:45:29 IST" duration-ms="3344" status="PASS">
          <params>
            <param index="0">
              <value>
                <![CDATA[chrome]]>
              </value>
            </param>
          </params>
          <reporter-output>
          </reporter-output>
        </test-method> <!-- initialization -->
        <test-method signature="homePage_Test()[pri:0, instance:com.qa.TestCase.TC_001_HomePageTest@4c402120]" started-at="2026-03-13T18:45:29 IST" name="homePage_Test" finished-at="2026-03-13T18:45:29 IST" duration-ms="703" status="PASS">
          <reporter-output>
          </reporter-output>
        </test-method> <!-- homePage_Test -->
        <test-method is-config="true" signature="afterMethod()[pri:0, instance:com.qa.TestCase.TC_001_HomePageTest@4c402120]" started-at="2026-03-13T18:45:29 IST" name="afterMethod" finished-at="2026-03-13T18:45:30 IST" duration-ms="482" status="PASS">
          <reporter-output>
          </reporter-output>
        </test-method> <!-- afterMethod -->
      </class> <!-- com.qa.TestCase.TC_001_HomePageTest -->
    </test> <!-- ChromeTests -->
    <test started-at="2026-03-13T18:45:25 IST" name="FirefoxTests" finished-at="2026-03-13T18:45:35 IST" duration-ms="10307">
      <class name="com.qa.TestCase.TC_001_HomePageTest">
        <test-method is-config="true" signature="initialization(java.lang.String)[pri:0, instance:com.qa.TestCase.TC_001_HomePageTest@79d8407f]" started-at="2026-03-13T18:45:25 IST" name="initialization" finished-at="2026-03-13T18:45:33 IST" duration-ms="7746" status="PASS">
          <params>
            <param index="0">
              <value>
                <![CDATA[firefox]]>
              </value>
            </param>
          </params>
          <reporter-output>
          </reporter-output>
        </test-method> <!-- initialization -->
        <test-method signature="homePage_Test()[pri:0, instance:com.qa.TestCase.TC_001_HomePageTest@79d8407f]" started-at="2026-03-13T18:45:33 IST" name="homePage_Test" finished-at="2026-03-13T18:45:33 IST" duration-ms="162" status="PASS">
          <reporter-output>
          </reporter-output>
        </test-method> <!-- homePage_Test -->
        <test-method is-config="true" signature="afterMethod()[pri:0, instance:com.qa.TestCase.TC_001_HomePageTest@79d8407f]" started-at="2026-03-13T18:45:33 IST" name="afterMethod" finished-at="2026-03-13T18:45:35 IST" duration-ms="2029" status="PASS">
          <reporter-output>
          </reporter-output>
        </test-method> <!-- afterMethod -->
      </class> <!-- com.qa.TestCase.TC_001_HomePageTest -->
    </test> <!-- FirefoxTests -->
  </suite> <!-- MasterSuite -->
</testng-results>
