<?xml version="1.0" encoding="UTF-8"?>
<!-- Generated by org.testng.reporters.JUnitReportReporter -->
<testsuite hostname="Maddy" failures="0" tests="2" name="com.qa.TestCase.TC_001_HomePageTest" time="14.466" errors="0" timestamp="2026-03-13T18:45:35 IST" skipped="0">
  <testcase classname="com.qa.TestCase.TC_001_HomePageTest" name="homePage_Test" time="9.937"/>
  <testcase classname="com.qa.TestCase.TC_001_HomePageTest" name="homePage_Test" time="4.529"/>
</testsuite> <!-- com.qa.TestCase.TC_001_HomePageTest -->
