<?xml version="1.0" encoding="UTF-8"?>
<!-- Generated by org.testng.reporters.JUnitReportReporter -->
<testsuite hostname="Maddy" failures="0" tests="3" name="com.qa.TestCart.Login_Test" time="39.013" errors="0" timestamp="2026-02-18T13:17:43 IST" skipped="0">
  <testcase classname="com.qa.TestCart.Login_Test" name="loginTest" time="8.679"/>
  <testcase classname="com.qa.TestCart.Login_Test" name="loginTest" time="12.563"/>
  <testcase classname="com.qa.TestCart.Login_Test" name="loginTest" time="17.771"/>
</testsuite> <!-- com.qa.TestCart.Login_Test -->
