<?xml version="1.0" encoding="UTF-8"?>
<!-- Generated by org.testng.reporters.JUnitReportReporter -->
<testsuite hostname="Maddy" failures="0" tests="3" name="com.qa.base.testBase" time="71.512" errors="0" timestamp="2025-12-14T18:53:53 IST" skipped="0">
  <testcase classname="com.qa.base.testBase" name="dummyTest" time="21.676"/>
  <testcase classname="com.qa.base.testBase" name="dummyTest" time="28.291"/>
  <testcase classname="com.qa.base.testBase" name="dummyTest" time="21.545"/>
</testsuite> <!-- com.qa.base.testBase -->
