<?xml version="1.0" encoding="UTF-8"?>
<!-- Generated by org.testng.reporters.JUnitXMLReporter -->
<testsuite ignored="0" hostname="Maddy" failures="1" tests="1" name="EdgeTests" time="91.764" errors="0" timestamp="2025-12-15T20:29:23 IST">
  <testcase classname="com.qa.TestCart.Login_Test" name="loginTest" time="60.151">
    <failure type="org.openqa.selenium.TimeoutException" message="timeout: Timed out receiving message from renderer: 57.778
  (Session info: MicrosoftEdge=143.0.3650.80)
Build info: version: &amp;apos;4.39.0&amp;apos;, revision: &amp;apos;126f156aee&amp;apos;
System info: os.name: &amp;apos;Windows 11&amp;apos;, os.arch: &amp;apos;amd64&amp;apos;, os.version: &amp;apos;10.0&amp;apos;, java.version: &amp;apos;24.0.2&amp;apos;
Driver info: org.openqa.selenium.remote.RemoteWebDriver
Command: [64d980f5105da32a920c193446b30f48, get {url=https://opensource-demo.orangehrmlive.com/}]
Capabilities {acceptInsecureCerts: false, browserName: MicrosoftEdge, browserVersion: 143.0.3650.80, fedcm:accounts: true, goog:processID: 219, ms:edgeOptions: {debuggerAddress: localhost:44565}, msedge: {msedgedriverVersion: 143.0.3650.66 (507b0dd34c3d..., userDataDir: /tmp/.com.microsoft.Edge.sc...}, networkConnectionEnabled: false, pageLoadStrategy: normal, platformName: linux, proxy: Proxy(), se:bidiEnabled: false, se:cdp: ws://172.18.0.6:4444/sessio..., se:cdpVersion: 143.0.3650.80, se:containerName: 852560bd60fd, se:deleteSessionOnUi: true, se:downloadsEnabled: true, se:noVncPort: 7900, se:recordVideo: true, se:vnc: ws://172.18.0.6:4444/sessio..., se:vncEnabled: true, se:vncLocalAddress: ws://172.18.0.6:7900, setWindowRect: true, strictFileInteractability: false, timeouts: {implicit: 0, pageLoad: 300000, script: 30000}, unhandledPromptBehavior: dismiss and notify, webauthn:extension:credBlob: true, webauthn:extension:largeBlob: true, webauthn:extension:minPinLength: true, webauthn:extension:prf: true, webauthn:virtualAuthenticators: true}
Session ID: 64d980f5105da32a920c193446b30f48">
      <![CDATA[org.openqa.selenium.TimeoutException: timeout: Timed out receiving message from renderer: 57.778
  (Session info: MicrosoftEdge=143.0.3650.80)
Build info: version: '4.39.0', revision: '126f156aee'
System info: os.name: 'Windows 11', os.arch: 'amd64', os.version: '10.0', java.version: '24.0.2'
Driver info: org.openqa.selenium.remote.RemoteWebDriver
Command: [64d980f5105da32a920c193446b30f48, get {url=https://opensource-demo.orangehrmlive.com/}]
Capabilities {acceptInsecureCerts: false, browserName: MicrosoftEdge, browserVersion: 143.0.3650.80, fedcm:accounts: true, goog:processID: 219, ms:edgeOptions: {debuggerAddress: localhost:44565}, msedge: {msedgedriverVersion: 143.0.3650.66 (507b0dd34c3d..., userDataDir: /tmp/.com.microsoft.Edge.sc...}, networkConnectionEnabled: false, pageLoadStrategy: normal, platformName: linux, proxy: Proxy(), se:bidiEnabled: false, se:cdp: ws://172.18.0.6:4444/sessio..., se:cdpVersion: 143.0.3650.80, se:containerName: 852560bd60fd, se:deleteSessionOnUi: true, se:downloadsEnabled: true, se:noVncPort: 7900, se:recordVideo: true, se:vnc: ws://172.18.0.6:4444/sessio..., se:vncEnabled: true, se:vncLocalAddress: ws://172.18.0.6:7900, setWindowRect: true, strictFileInteractability: false, timeouts: {implicit: 0, pageLoad: 300000, script: 30000}, unhandledPromptBehavior: dismiss and notify, webauthn:extension:credBlob: true, webauthn:extension:largeBlob: true, webauthn:extension:minPinLength: true, webauthn:extension:prf: true, webauthn:virtualAuthenticators: true}
Session ID: 64d980f5105da32a920c193446b30f48
at org.openqa.selenium.remote.ErrorCodec.decode(ErrorCodec.java:167)
at org.openqa.selenium.remote.codec.w3c.W3CHttpResponseCodec.decode(W3CHttpResponseCodec.java:142)
at org.openqa.selenium.remote.codec.w3c.W3CHttpResponseCodec.decode(W3CHttpResponseCodec.java:49)
at org.openqa.selenium.remote.HttpCommandExecutor.execute(HttpCommandExecutor.java:215)
at org.openqa.selenium.remote.TracedCommandExecutor.execute(TracedCommandExecutor.java:53)
at org.openqa.selenium.remote.RemoteWebDriver.execute(RemoteWebDriver.java:561)
at org.openqa.selenium.remote.RemoteWebDriver.get(RemoteWebDriver.java:329)
at com.qa.TestCart.Login_Test.loginTest(Login_Test.java:10)
at java.base/java.util.ArrayList.forEach(ArrayList.java:1604)
at java.base/java.util.concurrent.FutureTask.run(FutureTask.java:328)
at java.base/java.util.concurrent.ThreadPoolExecutor.runWorker(ThreadPoolExecutor.java:1095)
at java.base/java.util.concurrent.ThreadPoolExecutor$Worker.run(ThreadPoolExecutor.java:619)
at java.base/java.lang.Thread.run(Thread.java:1447)
... Removed 18 stack frames]]>
    </failure>
  </testcase> <!-- loginTest -->
</testsuite> <!-- EdgeTests -->
